<?xml version="1.0" encoding="UTF-8"?>
<!-- Generated by org.testng.reporters.JUnitReportReporter -->
<testsuite hostname="LAPTOP-E2PSIL5I" failures="0" tests="1" name="pom_test.tests.FilterMailBoxTest" time="3.593" errors="0" timestamp="2020-08-27T15:30:59 IST" skipped="0">
  <testcase classname="pom_test.tests.FilterMailBoxTest" name="verifyMailFiltering" time="3.593"/>
  <system-out>
[ASSERTION PASSED]: Mail box filter is correct  </system-out>
</testsuite> <!-- pom_test.tests.FilterMailBoxTest -->
