<?xml version="1.0" encoding="UTF-8"?>
<!-- Generated by org.testng.reporters.JUnitReportReporter -->
<testsuite hostname="LAPTOP-E2PSIL5I" failures="0" tests="2" name="pom_test.tests.LoginTest" time="5.976" errors="0" timestamp="2020-08-27T15:31:25 IST" skipped="0">
  <testcase classname="pom_test.tests.LoginTest" name="verifySuccessfulLogOUT" time="2.241"/>
  <system-out>
[ASSERTION PASSED]: User logged out  </system-out>
  <testcase classname="pom_test.tests.LoginTest" name="verifySuccessfulLogIN" time="3.735"/>
  <system-out>
[ASSERTION PASSED]: User logged in  </system-out>
</testsuite> <!-- pom_test.tests.LoginTest -->
